Build started 1/25/2015 1:45:26 PM.
     1>Project "E:\Projects\Wemo\xgit_bullet3_fork\build3\vs2010\BulletDynamics.vcxproj" on node 3 (Build target(s)).
     1>ClCompile:
         C:\Program Files (x86)\Microsoft Visual Studio 12.0\VC\bin\CL.exe /c /I..\..\src /Zi /nologo /W3 /WX- /Od /Oy- /D _DEBUG=1 /D _MBCS /Gm- /EHsc /RTC1 /MTd /GS /Gy /fp:fast /Zc:wchar_t /Zc:forScope /Fo"obj\x32\Debug\BulletDynamics\\" /Fd"..\..\bin\BulletDynamics_vs2010_debug.pdb" /Gd /TP /analyze- /errorReport:prompt /MP ..\..\src\BulletDynamics\Dynamics\btDiscreteDynamicsWorld.cpp ..\..\src\BulletDynamics\Dynamics\btRigidBody.cpp ..\..\src\BulletDynamics\Dynamics\btSimpleDynamicsWorld.cpp ..\..\src\BulletDynamics\ConstraintSolver\btConeTwistConstraint.cpp ..\..\src\BulletDynamics\ConstraintSolver\btContactConstraint.cpp ..\..\src\BulletDynamics\ConstraintSolver\btFixedConstraint.cpp ..\..\src\BulletDynamics\ConstraintSolver\btGearConstraint.cpp ..\..\src\BulletDynamics\ConstraintSolver\btGeneric6DofConstraint.cpp ..\..\src\BulletDynamics\ConstraintSolver\btGeneric6DofSpring2Constraint.cpp ..\..\src\BulletDynamics\ConstraintSolver\btGeneric6DofSpringConstraint.cpp ..\..\src\BulletDynamics\ConstraintSolver\btHinge2Constraint.cpp ..\..\src\BulletDynamics\ConstraintSolver\btHingeConstraint.cpp ..\..\src\BulletDynamics\ConstraintSolver\btNNCGConstraintSolver.cpp ..\..\src\BulletDynamics\ConstraintSolver\btPoint2PointConstraint.cpp ..\..\src\BulletDynamics\ConstraintSolver\btSequentialImpulseConstraintSolver.cpp ..\..\src\BulletDynamics\ConstraintSolver\btSliderConstraint.cpp ..\..\src\BulletDynamics\ConstraintSolver\btSolve2LinearConstraint.cpp ..\..\src\BulletDynamics\ConstraintSolver\btTypedConstraint.cpp ..\..\src\BulletDynamics\ConstraintSolver\btUniversalConstraint.cpp ..\..\src\BulletDynamics\Featherstone\btMultiBody.cpp ..\..\src\BulletDynamics\Featherstone\btMultiBodyConstraint.cpp ..\..\src\BulletDynamics\Featherstone\btMultiBodyConstraintSolver.cpp ..\..\src\BulletDynamics\Featherstone\btMultiBodyDynamicsWorld.cpp ..\..\src\BulletDynamics\Featherstone\btMultiBodyJointLimitConstraint.cpp ..\..\src\BulletDynamics\Featherstone\btMultiBodyJointMotor.cpp ..\..\src\BulletDynamics\Featherstone\btMultiBodyPoint2Point.cpp ..\..\src\BulletDynamics\MLCPSolvers\btDantzigLCP.cpp ..\..\src\BulletDynamics\MLCPSolvers\btLemkeAlgorithm.cpp ..\..\src\BulletDynamics\MLCPSolvers\btMLCPSolver.cpp ..\..\src\BulletDynamics\Vehicle\btRaycastVehicle.cpp ..\..\src\BulletDynamics\Vehicle\btWheelInfo.cpp ..\..\src\BulletDynamics\Character\btKinematicCharacterController.cpp
         btDiscreteDynamicsWorld.cpp
         btRigidBody.cpp
         btSimpleDynamicsWorld.cpp
         btConeTwistConstraint.cpp
         btContactConstraint.cpp
         btFixedConstraint.cpp
         btGearConstraint.cpp
         btGeneric6DofConstraint.cpp
         btGeneric6DofSpring2Constraint.cpp
         btGeneric6DofSpringConstraint.cpp
         btHinge2Constraint.cpp
         btHingeConstraint.cpp
     1>..\..\src\BulletDynamics\ConstraintSolver\btGeneric6DofSpring2Constraint.cpp(775): warning C4244: 'initializing' : conversion from 'double' to 'btScalar', possible loss of data
     1>..\..\src\BulletDynamics\ConstraintSolver\btGeneric6DofSpring2Constraint.cpp(781): warning C4244: 'initializing' : conversion from 'double' to 'btScalar', possible loss of data
     1>..\..\src\BulletDynamics\ConstraintSolver\btGeneric6DofSpring2Constraint.cpp(782): warning C4244: 'initializing' : conversion from 'double' to 'btScalar', possible loss of data
     1>..\..\src\BulletDynamics\ConstraintSolver\btGeneric6DofSpring2Constraint.cpp(790): warning C4244: '=' : conversion from 'double' to 'btScalar', possible loss of data
         btNNCGConstraintSolver.cpp
         btPoint2PointConstraint.cpp
     1>..\..\src\BulletDynamics\ConstraintSolver\btHingeConstraint.cpp(306): warning C4244: 'argument' : conversion from 'double' to 'btScalar', possible loss of data
         btSequentialImpulseConstraintSolver.cpp
         btSliderConstraint.cpp
         btSolve2LinearConstraint.cpp
         btTypedConstraint.cpp
         btUniversalConstraint.cpp
         btMultiBody.cpp
         btMultiBodyConstraint.cpp
         btMultiBodyConstraintSolver.cpp
         btMultiBodyDynamicsWorld.cpp
         btMultiBodyJointLimitConstraint.cpp
         btMultiBodyJointMotor.cpp
         btMultiBodyPoint2Point.cpp
         btDantzigLCP.cpp
         btLemkeAlgorithm.cpp
         btMLCPSolver.cpp
     1>E:\Projects\Wemo\xgit_bullet3_fork\src\LinearMath/btMatrixX.h(97): warning C4244: '=' : conversion from 'double' to 'float', possible loss of data (..\..\src\BulletDynamics\MLCPSolvers\btLemkeAlgorithm.cpp)
                 E:\Projects\Wemo\xgit_bullet3_fork\src\LinearMath/btMatrixX.h(70) : while compiling class template member function 'float btVectorX<float>::nrm2(void) const'
                 ..\..\src\BulletDynamics\MLCPSolvers\btLemkeAlgorithm.cpp(251) : see reference to function template instantiation 'float btVectorX<float>::nrm2(void) const' being compiled
                 e:\projects\wemo\xgit_bullet3_fork\src\bulletdynamics\mlcpsolvers\btLemkeAlgorithm.h(86) : see reference to class template instantiation 'btVectorX<float>' being compiled
         btRaycastVehicle.cpp
         btWheelInfo.cpp
         btKinematicCharacterController.cpp
       Lib:
         C:\Program Files (x86)\Microsoft Visual Studio 12.0\VC\bin\Lib.exe /OUT:"..\..\bin\BulletDynamics_vs2010_debug.lib" /NOLOGO /MACHINE:X86 obj\x32\Debug\BulletDynamics\btDiscreteDynamicsWorld.obj
         obj\x32\Debug\BulletDynamics\btRigidBody.obj
         obj\x32\Debug\BulletDynamics\btSimpleDynamicsWorld.obj
         obj\x32\Debug\BulletDynamics\btConeTwistConstraint.obj
         obj\x32\Debug\BulletDynamics\btContactConstraint.obj
         obj\x32\Debug\BulletDynamics\btFixedConstraint.obj
         obj\x32\Debug\BulletDynamics\btGearConstraint.obj
         obj\x32\Debug\BulletDynamics\btGeneric6DofConstraint.obj
         obj\x32\Debug\BulletDynamics\btGeneric6DofSpring2Constraint.obj
         obj\x32\Debug\BulletDynamics\btGeneric6DofSpringConstraint.obj
         obj\x32\Debug\BulletDynamics\btHinge2Constraint.obj
         obj\x32\Debug\BulletDynamics\btHingeConstraint.obj
         obj\x32\Debug\BulletDynamics\btNNCGConstraintSolver.obj
         obj\x32\Debug\BulletDynamics\btPoint2PointConstraint.obj
         obj\x32\Debug\BulletDynamics\btSequentialImpulseConstraintSolver.obj
         obj\x32\Debug\BulletDynamics\btSliderConstraint.obj
         obj\x32\Debug\BulletDynamics\btSolve2LinearConstraint.obj
         obj\x32\Debug\BulletDynamics\btTypedConstraint.obj
         obj\x32\Debug\BulletDynamics\btUniversalConstraint.obj
         obj\x32\Debug\BulletDynamics\btMultiBody.obj
         obj\x32\Debug\BulletDynamics\btMultiBodyConstraint.obj
         obj\x32\Debug\BulletDynamics\btMultiBodyConstraintSolver.obj
         obj\x32\Debug\BulletDynamics\btMultiBodyDynamicsWorld.obj
         obj\x32\Debug\BulletDynamics\btMultiBodyJointLimitConstraint.obj
         obj\x32\Debug\BulletDynamics\btMultiBodyJointMotor.obj
         obj\x32\Debug\BulletDynamics\btMultiBodyPoint2Point.obj
         obj\x32\Debug\BulletDynamics\btDantzigLCP.obj
         obj\x32\Debug\BulletDynamics\btLemkeAlgorithm.obj
         obj\x32\Debug\BulletDynamics\btMLCPSolver.obj
         obj\x32\Debug\BulletDynamics\btRaycastVehicle.obj
         obj\x32\Debug\BulletDynamics\btWheelInfo.obj
         obj\x32\Debug\BulletDynamics\btKinematicCharacterController.obj
         BulletDynamics.vcxproj -> E:\Projects\Wemo\xgit_bullet3_fork\build3\vs2010\..\..\bin\BulletDynamics_vs2010_debug.lib
     1>Done Building Project "E:\Projects\Wemo\xgit_bullet3_fork\build3\vs2010\BulletDynamics.vcxproj" (Build target(s)).

Build succeeded.

Time Elapsed 00:00:07.75
