Build started 1/25/2015 1:45:50 PM.
     1>Project "E:\Projects\Wemo\xgit_bullet3_fork\build3\vs2010\App_SimpleOpenGL3.vcxproj" on node 2 (Build target(s)).
     1>ClCompile:
         C:\Program Files (x86)\Microsoft Visual Studio 12.0\VC\bin\CL.exe /c /I..\..\Demos3\SimpleOpenGL3 /I..\..\src /I..\..\btgui /I..\..\btgui\OpenGLWindow\GlewWindows /Zi /nologo /W3 /WX- /Od /Oy- /D _DEBUG=1 /D GLEW_STATIC /D _MBCS /Gm- /EHsc /RTC1 /MTd /GS /Gy /fp:fast /Zc:wchar_t /Zc:forScope /Fo"obj\x32\Debug\App_SimpleOpenGL3\\" /Fd"..\..\bin\App_SimpleOpenGL3_vs2010_debug.pdb" /Gd /TC /analyze- /errorReport:prompt /MP ..\..\btgui\OpenGLWindow\GlewWindows\glew.c
         glew.c
         C:\Program Files (x86)\Microsoft Visual Studio 12.0\VC\bin\CL.exe /c /I..\..\Demos3\SimpleOpenGL3 /I..\..\src /I..\..\btgui /I..\..\btgui\OpenGLWindow\GlewWindows /Zi /nologo /W3 /WX- /Od /Oy- /D _DEBUG=1 /D GLEW_STATIC /D _MBCS /Gm- /EHsc /RTC1 /MTd /GS /Gy /fp:fast /Zc:wchar_t /Zc:forScope /Fo"obj\x32\Debug\App_SimpleOpenGL3\\" /Fd"..\..\bin\App_SimpleOpenGL3_vs2010_debug.pdb" /Gd /TP /analyze- /errorReport:prompt /MP ..\..\Demos3\SimpleOpenGL3\main.cpp
         main.cpp
     1>E:\Projects\Wemo\xgit_bullet3_fork\src\Bullet3Common/b3CommandLineArgs.h(85): warning C4996: 'strcpy': This function or variable may be unsafe. Consider using strcpy_s instead. To disable deprecation, use _CRT_SECURE_NO_WARNINGS. See online help for details.
                 C:\Program Files (x86)\Microsoft Visual Studio 12.0\VC\include\string.h(112) : see declaration of 'strcpy'
     1>..\..\Demos3\SimpleOpenGL3\main.cpp(38): warning C4996: 'sprintf': This function or variable may be unsafe. Consider using sprintf_s instead. To disable deprecation, use _CRT_SECURE_NO_WARNINGS. See online help for details.
                 C:\Program Files (x86)\Microsoft Visual Studio 12.0\VC\include\stdio.h(356) : see declaration of 'sprintf'
     1>..\..\Demos3\SimpleOpenGL3\main.cpp(48): warning C4996: 'sprintf': This function or variable may be unsafe. Consider using sprintf_s instead. To disable deprecation, use _CRT_SECURE_NO_WARNINGS. See online help for details.
                 C:\Program Files (x86)\Microsoft Visual Studio 12.0\VC\include\stdio.h(356) : see declaration of 'sprintf'
       Link:
         C:\Program Files (x86)\Microsoft Visual Studio 12.0\VC\bin\link.exe /ERRORREPORT:PROMPT /OUT:"..\..\bin\App_SimpleOpenGL3_vs2010_debug.exe" /INCREMENTAL /NOLOGO ..\..\bin\OpenGL_Window_vs2010_debug.lib ..\..\bin\Bullet3Common_vs2010_debug.lib opengl32.lib glu32.lib kernel32.lib user32.lib gdi32.lib winspool.lib comdlg32.lib advapi32.lib shell32.lib ole32.lib oleaut32.lib uuid.lib odbc32.lib odbccp32.lib /MANIFEST /MANIFESTUAC:"level='asInvoker' uiAccess='false'" /manifest:embed /DEBUG /PDB:"..\..\bin\App_SimpleOpenGL3_vs2010_debug.pdb" /SUBSYSTEM:CONSOLE /TLBID:1 /ENTRY:"mainCRTStartup" /DYNAMICBASE /NXCOMPAT /IMPLIB:"..\..\bin\App_SimpleOpenGL3_vs2010_debug.lib" /MACHINE:X86 obj\x32\Debug\App_SimpleOpenGL3\glew.obj
         obj\x32\Debug\App_SimpleOpenGL3\main.obj
         App_SimpleOpenGL3.vcxproj -> E:\Projects\Wemo\xgit_bullet3_fork\build3\vs2010\..\..\bin\App_SimpleOpenGL3_vs2010_debug.exe
     1>Done Building Project "E:\Projects\Wemo\xgit_bullet3_fork\build3\vs2010\App_SimpleOpenGL3.vcxproj" (Build target(s)).

Build succeeded.

Time Elapsed 00:00:03.00
