Build started 1/25/2015 1:46:47 PM.
     1>Project "E:\Projects\Wemo\xgit_bullet3_fork\build3\vs2010\OpenGL_Window.vcxproj" on node 3 (Build target(s)).
     1>ClCompile:
         C:\Program Files (x86)\Microsoft Visual Studio 12.0\VC\bin\CL.exe /c /I..\..\btgui\OpenGLWindow\GlewWindows /I..\..\btgui /I..\..\src /nologo /W3 /WX- /Ox /Oy- /D GLEW_STATIC /D _MBCS /GF /Gm- /EHsc /MT /GS /Gy /arch:SSE2 /fp:fast /Zc:wchar_t /Zc:forScope /Fo"obj\x32\Release\OpenGL_Window\\" /Fd"obj\x32\Release\OpenGL_Window\vc120.pdb" /Gd /TC /analyze- /errorReport:prompt /MP ..\..\btgui\OpenGLWindow\GlewWindows\glew.c
         glew.c
         C:\Program Files (x86)\Microsoft Visual Studio 12.0\VC\bin\CL.exe /c /I..\..\btgui\OpenGLWindow\GlewWindows /I..\..\btgui /I..\..\src /nologo /W3 /WX- /Ox /Oy- /D GLEW_STATIC /D _MBCS /GF /Gm- /EHsc /MT /GS /Gy /arch:SSE2 /fp:fast /Zc:wchar_t /Zc:forScope /Fo"obj\x32\Release\OpenGL_Window\\" /Fd"obj\x32\Release\OpenGL_Window\vc120.pdb" /Gd /TP /analyze- /errorReport:prompt /MP ..\..\btgui\OpenGLWindow\fontstash.cpp ..\..\btgui\OpenGLWindow\GLInstancingRenderer.cpp ..\..\btgui\OpenGLWindow\GLPrimitiveRenderer.cpp ..\..\btgui\OpenGLWindow\GLRenderToTexture.cpp ..\..\btgui\OpenGLWindow\LoadShader.cpp ..\..\btgui\OpenGLWindow\opengl_fontstashcallbacks.cpp ..\..\btgui\OpenGLWindow\OpenSans.cpp ..\..\btgui\OpenGLWindow\SimpleCamera.cpp ..\..\btgui\OpenGLWindow\SimpleOpenGL2App.cpp ..\..\btgui\OpenGLWindow\SimpleOpenGL3App.cpp ..\..\btgui\OpenGLWindow\TwFonts.cpp ..\..\btgui\OpenGLWindow\Win32OpenGLWindow.cpp ..\..\btgui\OpenGLWindow\Win32Window.cpp
         fontstash.cpp
         GLInstancingRenderer.cpp
         GLPrimitiveRenderer.cpp
         GLRenderToTexture.cpp
     1>..\..\btgui\OpenGLWindow\GLInstancingRenderer.cpp(387): warning C4316: 'InternalDataRenderer' : object allocated on the heap may not be aligned 16
     1>..\..\btgui\OpenGLWindow\GLInstancingRenderer.cpp(1279): warning C4309: '=' : truncation of constant value
     1>..\..\btgui\OpenGLWindow\GLInstancingRenderer.cpp(1345): warning C4244: 'initializing' : conversion from 'const double' to 'float', possible loss of data
     1>..\..\btgui\OpenGLWindow\GLInstancingRenderer.cpp(1346): warning C4244: 'initializing' : conversion from 'const double' to 'float', possible loss of data
         LoadShader.cpp
         opengl_fontstashcallbacks.cpp
     1>e:\projects\wemo\xgit_bullet3_fork\btgui\openglwindow\stb_image_write.h(156): warning C4996: 'fopen': This function or variable may be unsafe. Consider using fopen_s instead. To disable deprecation, use _CRT_SECURE_NO_WARNINGS. See online help for details. (..\..\btgui\OpenGLWindow\opengl_fontstashcallbacks.cpp)
                 C:\Program Files (x86)\Microsoft Visual Studio 12.0\VC\include\stdio.h(211) : see declaration of 'fopen'
     1>e:\projects\wemo\xgit_bullet3_fork\btgui\openglwindow\stb_image_write.h(495): warning C4996: 'fopen': This function or variable may be unsafe. Consider using fopen_s instead. To disable deprecation, use _CRT_SECURE_NO_WARNINGS. See online help for details. (..\..\btgui\OpenGLWindow\opengl_fontstashcallbacks.cpp)
                 C:\Program Files (x86)\Microsoft Visual Studio 12.0\VC\include\stdio.h(211) : see declaration of 'fopen'
         OpenSans.cpp
     1>..\..\btgui\OpenGLWindow\fontstash.cpp(225): warning C4996: 'fopen': This function or variable may be unsafe. Consider using fopen_s instead. To disable deprecation, use _CRT_SECURE_NO_WARNINGS. See online help for details.
                 C:\Program Files (x86)\Microsoft Visual Studio 12.0\VC\include\stdio.h(211) : see declaration of 'fopen'
         SimpleCamera.cpp
     1>..\..\btgui\OpenGLWindow\SimpleCamera.cpp(42): warning C4316: 'SimpleCameraInternalData' : object allocated on the heap may not be aligned 16
         SimpleOpenGL2App.cpp
         SimpleOpenGL3App.cpp
         TwFonts.cpp
     1>..\..\btgui\OpenGLWindow\SimpleOpenGL3App.cpp(53): warning C4244: 'argument' : conversion from 'float' to 'int', possible loss of data
     1>..\..\btgui\OpenGLWindow\SimpleOpenGL3App.cpp(54): warning C4244: 'argument' : conversion from 'float' to 'int', possible loss of data
     1>..\..\btgui\OpenGLWindow\SimpleOpenGL3App.cpp(218): warning C4244: 'argument' : conversion from 'int' to 'float', possible loss of data
     1>..\..\btgui\OpenGLWindow\SimpleOpenGL3App.cpp(247): warning C4244: 'argument' : conversion from 'int' to 'float', possible loss of data
     1>..\..\btgui\OpenGLWindow\SimpleOpenGL3App.cpp(462): warning C4244: '=' : conversion from 'float' to 'char', possible loss of data
     1>..\..\btgui\OpenGLWindow\SimpleOpenGL3App.cpp(463): warning C4244: '=' : conversion from 'float' to 'char', possible loss of data
     1>..\..\btgui\OpenGLWindow\SimpleOpenGL3App.cpp(464): warning C4244: '=' : conversion from 'float' to 'char', possible loss of data
     1>..\..\btgui\OpenGLWindow\SimpleOpenGL3App.cpp(465): warning C4244: '=' : conversion from 'float' to 'char', possible loss of data
     1>..\..\btgui\OpenGLWindow\SimpleOpenGL3App.cpp(513): warning C4244: 'argument' : conversion from 'float' to 'int', possible loss of data
     1>..\..\btgui\OpenGLWindow\SimpleOpenGL3App.cpp(525): warning C4244: 'initializing' : conversion from 'float' to 'int', possible loss of data
     1>..\..\btgui\OpenGLWindow\SimpleOpenGL3App.cpp(526): warning C4244: 'initializing' : conversion from 'float' to 'int', possible loss of data
     1>..\..\btgui\OpenGLWindow\SimpleOpenGL3App.cpp(530): warning C4996: 'sprintf': This function or variable may be unsafe. Consider using sprintf_s instead. To disable deprecation, use _CRT_SECURE_NO_WARNINGS. See online help for details.
                 C:\Program Files (x86)\Microsoft Visual Studio 12.0\VC\include\stdio.h(356) : see declaration of 'sprintf'
         Win32OpenGLWindow.cpp
         Win32Window.cpp
     1>..\..\btgui\OpenGLWindow\Win32Window.cpp(192): warning C4244: 'argument' : conversion from 'int' to 'float', possible loss of data
     1>..\..\btgui\OpenGLWindow\Win32Window.cpp(206): warning C4244: 'argument' : conversion from 'int' to 'float', possible loss of data
     1>..\..\btgui\OpenGLWindow\Win32Window.cpp(222): warning C4244: 'argument' : conversion from 'int' to 'float', possible loss of data
     1>..\..\btgui\OpenGLWindow\Win32Window.cpp(239): warning C4244: 'argument' : conversion from 'int' to 'float', possible loss of data
     1>..\..\btgui\OpenGLWindow\Win32Window.cpp(277): warning C4244: 'argument' : conversion from 'int' to 'float', possible loss of data
     1>..\..\btgui\OpenGLWindow\Win32Window.cpp(288): warning C4244: 'argument' : conversion from 'int' to 'float', possible loss of data
     1>..\..\btgui\OpenGLWindow\Win32Window.cpp(299): warning C4244: 'argument' : conversion from 'int' to 'float', possible loss of data
     1>..\..\btgui\OpenGLWindow\Win32Window.cpp(331): warning C4244: 'argument' : conversion from 'int' to 'float', possible loss of data
     1>..\..\btgui\OpenGLWindow\Win32Window.cpp(698): warning C4244: 'argument' : conversion from 'int' to 'float', possible loss of data
       Lib:
         C:\Program Files (x86)\Microsoft Visual Studio 12.0\VC\bin\Lib.exe /OUT:"..\..\bin\OpenGL_Window_vs2010.lib" /NOLOGO /MACHINE:X86 obj\x32\Release\OpenGL_Window\glew.obj
         obj\x32\Release\OpenGL_Window\fontstash.obj
         obj\x32\Release\OpenGL_Window\GLInstancingRenderer.obj
         obj\x32\Release\OpenGL_Window\GLPrimitiveRenderer.obj
         obj\x32\Release\OpenGL_Window\GLRenderToTexture.obj
         obj\x32\Release\OpenGL_Window\LoadShader.obj
         obj\x32\Release\OpenGL_Window\opengl_fontstashcallbacks.obj
         obj\x32\Release\OpenGL_Window\OpenSans.obj
         obj\x32\Release\OpenGL_Window\SimpleCamera.obj
         obj\x32\Release\OpenGL_Window\SimpleOpenGL2App.obj
         obj\x32\Release\OpenGL_Window\SimpleOpenGL3App.obj
         obj\x32\Release\OpenGL_Window\TwFonts.obj
         obj\x32\Release\OpenGL_Window\Win32OpenGLWindow.obj
         obj\x32\Release\OpenGL_Window\Win32Window.obj
         OpenGL_Window.vcxproj -> E:\Projects\Wemo\xgit_bullet3_fork\build3\vs2010\..\..\bin\OpenGL_Window_vs2010.lib
     1>Done Building Project "E:\Projects\Wemo\xgit_bullet3_fork\build3\vs2010\OpenGL_Window.vcxproj" (Build target(s)).

Build succeeded.

Time Elapsed 00:00:08.30
