Build started 1/25/2015 1:47:41 PM.
     1>Project "E:\Projects\Wemo\xgit_bullet3_fork\build3\vs2010\Bullet3Collision.vcxproj" on node 5 (Build target(s)).
     1>ClCompile:
         C:\Program Files (x86)\Microsoft Visual Studio 12.0\VC\bin\CL.exe /c /I..\..\src /nologo /W3 /WX- /Ox /Oy- /GF /Gm- /EHsc /MT /GS /Gy /arch:SSE2 /fp:fast /Zc:wchar_t /Zc:forScope /Fo"obj\x32\Release\Bullet3Collision\\" /Fd"obj\x32\Release\Bullet3Collision\vc120.pdb" /Gd /TP /analyze- /errorReport:prompt /MP ..\..\src\Bullet3Collision\BroadPhaseCollision\b3DynamicBvh.cpp ..\..\src\Bullet3Collision\BroadPhaseCollision\b3DynamicBvhBroadphase.cpp ..\..\src\Bullet3Collision\BroadPhaseCollision\b3OverlappingPairCache.cpp ..\..\src\Bullet3Collision\NarrowPhaseCollision\b3ConvexUtility.cpp ..\..\src\Bullet3Collision\NarrowPhaseCollision\b3CpuNarrowPhase.cpp
         b3DynamicBvh.cpp
         b3DynamicBvhBroadphase.cpp
         b3OverlappingPairCache.cpp
         b3ConvexUtility.cpp
     1>..\..\src\Bullet3Collision/BroadPhaseCollision/b3DynamicBvh.h(968): warning C4101: 'resultNormal' : unreferenced local variable (..\..\src\Bullet3Collision\BroadPhaseCollision\b3DynamicBvhBroadphase.cpp)
                 ..\..\src\Bullet3Collision\BroadPhaseCollision\b3DynamicBvhBroadphase.cpp(249) : see reference to function template instantiation 'void b3DynamicBvh::rayTestInternal<BroadphaseRayTester>(const b3DbvtNode *,const b3Vector3 &,const b3Vector3 &,const b3Vector3 &,unsigned int [],b3Scalar,const b3Vector3 &,const b3Vector3 &,T &) const' being compiled
                 with
                 [
                     T=BroadphaseRayTester
                 ]
         b3CpuNarrowPhase.cpp
       Lib:
         C:\Program Files (x86)\Microsoft Visual Studio 12.0\VC\bin\Lib.exe /OUT:"..\..\bin\Bullet3Collision_vs2010.lib" /NOLOGO /MACHINE:X86 obj\x32\Release\Bullet3Collision\b3DynamicBvh.obj
         obj\x32\Release\Bullet3Collision\b3DynamicBvhBroadphase.obj
         obj\x32\Release\Bullet3Collision\b3OverlappingPairCache.obj
         obj\x32\Release\Bullet3Collision\b3ConvexUtility.obj
         obj\x32\Release\Bullet3Collision\b3CpuNarrowPhase.obj
         Bullet3Collision.vcxproj -> E:\Projects\Wemo\xgit_bullet3_fork\build3\vs2010\..\..\bin\Bullet3Collision_vs2010.lib
     1>Done Building Project "E:\Projects\Wemo\xgit_bullet3_fork\build3\vs2010\Bullet3Collision.vcxproj" (Build target(s)).

Build succeeded.

Time Elapsed 00:00:02.68
