Build started 1/25/2015 1:47:02 PM.
     1>Project "E:\Projects\Wemo\xgit_bullet3_fork\build3\vs2010\LinearMath.vcxproj" on node 5 (Build target(s)).
     1>ClCompile:
         C:\Program Files (x86)\Microsoft Visual Studio 12.0\VC\bin\CL.exe /c /I..\..\src /nologo /W3 /WX- /Ox /Oy- /GF /Gm- /EHsc /MT /GS /Gy /arch:SSE2 /fp:fast /Zc:wchar_t /Zc:forScope /Fo"obj\x32\Release\LinearMath\\" /Fd"obj\x32\Release\LinearMath\vc120.pdb" /Gd /TP /analyze- /errorReport:prompt /MP ..\..\src\LinearMath\btAlignedAllocator.cpp ..\..\src\LinearMath\btConvexHull.cpp ..\..\src\LinearMath\btConvexHullComputer.cpp ..\..\src\LinearMath\btGeometryUtil.cpp ..\..\src\LinearMath\btPolarDecomposition.cpp ..\..\src\LinearMath\btQuickprof.cpp ..\..\src\LinearMath\btSerializer.cpp ..\..\src\LinearMath\btVector3.cpp
         btAlignedAllocator.cpp
         btConvexHull.cpp
         btConvexHullComputer.cpp
         btGeometryUtil.cpp
         btPolarDecomposition.cpp
         btQuickprof.cpp
         btSerializer.cpp
         btVector3.cpp
       Lib:
         C:\Program Files (x86)\Microsoft Visual Studio 12.0\VC\bin\Lib.exe /OUT:"..\..\bin\LinearMath_vs2010.lib" /NOLOGO /MACHINE:X86 obj\x32\Release\LinearMath\btAlignedAllocator.obj
         obj\x32\Release\LinearMath\btConvexHull.obj
         obj\x32\Release\LinearMath\btConvexHullComputer.obj
         obj\x32\Release\LinearMath\btGeometryUtil.obj
         obj\x32\Release\LinearMath\btPolarDecomposition.obj
         obj\x32\Release\LinearMath\btQuickprof.obj
         obj\x32\Release\LinearMath\btSerializer.obj
         obj\x32\Release\LinearMath\btVector3.obj
         LinearMath.vcxproj -> E:\Projects\Wemo\xgit_bullet3_fork\build3\vs2010\..\..\bin\LinearMath_vs2010.lib
     1>Done Building Project "E:\Projects\Wemo\xgit_bullet3_fork\build3\vs2010\LinearMath.vcxproj" (Build target(s)).

Build succeeded.

Time Elapsed 00:00:13.07
