Build started 1/25/2015 1:47:41 PM.
     1>Project "E:\Projects\Wemo\xgit_bullet3_fork\build3\vs2010\Bullet2FileLoader.vcxproj" on node 2 (Build target(s)).
     1>ClCompile:
         C:\Program Files (x86)\Microsoft Visual Studio 12.0\VC\bin\CL.exe /c /I..\..\src /nologo /W3 /WX- /Ox /Oy- /GF /Gm- /EHsc /MT /GS /Gy /arch:SSE2 /fp:fast /Zc:wchar_t /Zc:forScope /Fo"obj\x32\Release\Bullet2FileLoader\\" /Fd"obj\x32\Release\Bullet2FileLoader\vc120.pdb" /Gd /TP /analyze- /errorReport:prompt /MP ..\..\src\Bullet3Serialize\Bullet2FileLoader\b3BulletFile.cpp ..\..\src\Bullet3Serialize\Bullet2FileLoader\b3Chunk.cpp ..\..\src\Bullet3Serialize\Bullet2FileLoader\b3DNA.cpp ..\..\src\Bullet3Serialize\Bullet2FileLoader\b3File.cpp ..\..\src\Bullet3Serialize\Bullet2FileLoader\b3Serializer.cpp
         b3BulletFile.cpp
         b3Chunk.cpp
         b3DNA.cpp
         b3File.cpp
     1>..\..\src\Bullet3Serialize\Bullet2FileLoader\b3BulletFile.cpp(359): warning C4996: 'fopen': This function or variable may be unsafe. Consider using fopen_s instead. To disable deprecation, use _CRT_SECURE_NO_WARNINGS. See online help for details.
                 C:\Program Files (x86)\Microsoft Visual Studio 12.0\VC\include\stdio.h(211) : see declaration of 'fopen'
     1>..\..\src\Bullet3Serialize\Bullet2FileLoader\b3File.cpp(69): warning C4996: 'fopen': This function or variable may be unsafe. Consider using fopen_s instead. To disable deprecation, use _CRT_SECURE_NO_WARNINGS. See online help for details.
                 C:\Program Files (x86)\Microsoft Visual Studio 12.0\VC\include\stdio.h(211) : see declaration of 'fopen'
     1>..\..\src\Bullet3Serialize\Bullet2FileLoader\b3File.cpp(553): warning C4996: 'fopen': This function or variable may be unsafe. Consider using fopen_s instead. To disable deprecation, use _CRT_SECURE_NO_WARNINGS. See online help for details.
                 C:\Program Files (x86)\Microsoft Visual Studio 12.0\VC\include\stdio.h(211) : see declaration of 'fopen'
         b3Serializer.cpp
       Lib:
         C:\Program Files (x86)\Microsoft Visual Studio 12.0\VC\bin\Lib.exe /OUT:"..\..\lib\Bullet2FileLoader_vs2010.lib" /NOLOGO /MACHINE:X86 obj\x32\Release\Bullet2FileLoader\b3BulletFile.obj
         obj\x32\Release\Bullet2FileLoader\b3Chunk.obj
         obj\x32\Release\Bullet2FileLoader\b3DNA.obj
         obj\x32\Release\Bullet2FileLoader\b3File.obj
         obj\x32\Release\Bullet2FileLoader\b3Serializer.obj
         Bullet2FileLoader.vcxproj -> E:\Projects\Wemo\xgit_bullet3_fork\build3\vs2010\..\..\lib\Bullet2FileLoader_vs2010.lib
     1>Done Building Project "E:\Projects\Wemo\xgit_bullet3_fork\build3\vs2010\Bullet2FileLoader.vcxproj" (Build target(s)).

Build succeeded.

Time Elapsed 00:00:08.91
